<?xml version="1.0" encoding="UTF-8"?>
<!-- Generated by org.testng.reporters.JUnitReportReporter -->
<testsuite hostname="5CG1265QHJ" failures="0" tests="1" name="ajayacademy.ExtentReports.ReportPractice" time="10.260" errors="0" timestamp="2022-03-09T15:37:18 IST" skipped="0">
  <testcase classname="ajayacademy.ExtentReports.ReportPractice" name="invokeApp" time="10.260"/>
  <system-out/>
</testsuite> <!-- ajayacademy.ExtentReports.ReportPractice -->
