<?xml version="1.0" encoding="UTF-8"?>
<!-- Generated by org.testng.reporters.JUnitReportReporter -->
<testsuite hostname="5CG1265QHJ" failures="0" tests="1" name="ajayacademy.ExtentReports.ExtentReportDemo" time="8.177" errors="0" timestamp="2022-03-04T20:37:41 IST" skipped="0">
  <testcase classname="ajayacademy.ExtentReports.ExtentReportDemo" name="initialDemo" time="8.177"/>
  <system-out/>
</testsuite> <!-- ajayacademy.ExtentReports.ExtentReportDemo -->
